running egg_info
creating build/swarm_robots/swarm_robots.egg-info
writing build/swarm_robots/swarm_robots.egg-info/PKG-INFO
writing dependency_links to build/swarm_robots/swarm_robots.egg-info/dependency_links.txt
writing entry points to build/swarm_robots/swarm_robots.egg-info/entry_points.txt
writing requirements to build/swarm_robots/swarm_robots.egg-info/requires.txt
writing top-level names to build/swarm_robots/swarm_robots.egg-info/top_level.txt
writing manifest file 'build/swarm_robots/swarm_robots.egg-info/SOURCES.txt'
reading manifest file 'build/swarm_robots/swarm_robots.egg-info/SOURCES.txt'
writing manifest file 'build/swarm_robots/swarm_robots.egg-info/SOURCES.txt'
running build
running build_py
creating /home/parallels/ros2_ws/src/swarm_robots/build/swarm_robots/build
creating /home/parallels/ros2_ws/src/swarm_robots/build/swarm_robots/build/lib
creating /home/parallels/ros2_ws/src/swarm_robots/build/swarm_robots/build/lib/swarm_robots
copying swarm_robots/talker.py -> /home/parallels/ros2_ws/src/swarm_robots/build/swarm_robots/build/lib/swarm_robots
copying swarm_robots/__init__.py -> /home/parallels/ros2_ws/src/swarm_robots/build/swarm_robots/build/lib/swarm_robots
copying swarm_robots/listener.py -> /home/parallels/ros2_ws/src/swarm_robots/build/swarm_robots/build/lib/swarm_robots
running install
running install_lib
creating /home/parallels/ros2_ws/src/swarm_robots/install/swarm_robots/lib/python3.12/site-packages/swarm_robots
copying /home/parallels/ros2_ws/src/swarm_robots/build/swarm_robots/build/lib/swarm_robots/talker.py -> /home/parallels/ros2_ws/src/swarm_robots/install/swarm_robots/lib/python3.12/site-packages/swarm_robots
copying /home/parallels/ros2_ws/src/swarm_robots/build/swarm_robots/build/lib/swarm_robots/__init__.py -> /home/parallels/ros2_ws/src/swarm_robots/install/swarm_robots/lib/python3.12/site-packages/swarm_robots
copying /home/parallels/ros2_ws/src/swarm_robots/build/swarm_robots/build/lib/swarm_robots/listener.py -> /home/parallels/ros2_ws/src/swarm_robots/install/swarm_robots/lib/python3.12/site-packages/swarm_robots
byte-compiling /home/parallels/ros2_ws/src/swarm_robots/install/swarm_robots/lib/python3.12/site-packages/swarm_robots/talker.py to talker.cpython-312.pyc
byte-compiling /home/parallels/ros2_ws/src/swarm_robots/install/swarm_robots/lib/python3.12/site-packages/swarm_robots/__init__.py to __init__.cpython-312.pyc
byte-compiling /home/parallels/ros2_ws/src/swarm_robots/install/swarm_robots/lib/python3.12/site-packages/swarm_robots/listener.py to listener.cpython-312.pyc
running install_data
creating /home/parallels/ros2_ws/src/swarm_robots/install/swarm_robots/share/ament_index
creating /home/parallels/ros2_ws/src/swarm_robots/install/swarm_robots/share/ament_index/resource_index
creating /home/parallels/ros2_ws/src/swarm_robots/install/swarm_robots/share/ament_index/resource_index/packages
copying resource/swarm_robots -> /home/parallels/ros2_ws/src/swarm_robots/install/swarm_robots/share/ament_index/resource_index/packages
copying package.xml -> /home/parallels/ros2_ws/src/swarm_robots/install/swarm_robots/share/swarm_robots
running install_egg_info
Copying build/swarm_robots/swarm_robots.egg-info to /home/parallels/ros2_ws/src/swarm_robots/install/swarm_robots/lib/python3.12/site-packages/swarm_robots-0.0.0-py3.12.egg-info
running install_scripts
Installing listener script to /home/parallels/ros2_ws/src/swarm_robots/install/swarm_robots/lib/swarm_robots
Installing talker script to /home/parallels/ros2_ws/src/swarm_robots/install/swarm_robots/lib/swarm_robots
writing list of installed files to '/home/parallels/ros2_ws/src/swarm_robots/build/swarm_robots/install.log'
