[1.014s] Invoking command in '/home/parallels/ros2_ws/src/swarm_robots': DEBUGINFOD_URLS=https://debuginfod.ubuntu.com PYTHONPATH=/home/parallels/ros2_ws/src/swarm_robots/build/swarm_robots/prefix_override:/usr/lib/python3/dist-packages/colcon_core/task/python/colcon_distutils_commands:/home/parallels/ros2_ws/src/swarm_robots/install/swarm_robots/lib/python3.12/site-packages:${PYTHONPATH} /usr/bin/python3 -W ignore:setup.py install is deprecated -W ignore:easy_install command is deprecated setup.py egg_info --egg-base build/swarm_robots build --build-base /home/parallels/ros2_ws/src/swarm_robots/build/swarm_robots/build install --record /home/parallels/ros2_ws/src/swarm_robots/build/swarm_robots/install.log --single-version-externally-managed install_data
[1.306s] running egg_info
[1.306s] creating build/swarm_robots/swarm_robots.egg-info
[1.324s] writing build/swarm_robots/swarm_robots.egg-info/PKG-INFO
[1.324s] writing dependency_links to build/swarm_robots/swarm_robots.egg-info/dependency_links.txt
[1.324s] writing entry points to build/swarm_robots/swarm_robots.egg-info/entry_points.txt
[1.324s] writing requirements to build/swarm_robots/swarm_robots.egg-info/requires.txt
[1.327s] writing top-level names to build/swarm_robots/swarm_robots.egg-info/top_level.txt
[1.327s] writing manifest file 'build/swarm_robots/swarm_robots.egg-info/SOURCES.txt'
[1.364s] reading manifest file 'build/swarm_robots/swarm_robots.egg-info/SOURCES.txt'
[1.365s] writing manifest file 'build/swarm_robots/swarm_robots.egg-info/SOURCES.txt'
[1.365s] running build
[1.365s] running build_py
[1.365s] creating /home/parallels/ros2_ws/src/swarm_robots/build/swarm_robots/build
[1.365s] creating /home/parallels/ros2_ws/src/swarm_robots/build/swarm_robots/build/lib
[1.365s] creating /home/parallels/ros2_ws/src/swarm_robots/build/swarm_robots/build/lib/swarm_robots
[1.365s] copying swarm_robots/talker.py -> /home/parallels/ros2_ws/src/swarm_robots/build/swarm_robots/build/lib/swarm_robots
[1.366s] copying swarm_robots/__init__.py -> /home/parallels/ros2_ws/src/swarm_robots/build/swarm_robots/build/lib/swarm_robots
[1.366s] copying swarm_robots/listener.py -> /home/parallels/ros2_ws/src/swarm_robots/build/swarm_robots/build/lib/swarm_robots
[1.367s] running install
[1.372s] running install_lib
[1.392s] creating /home/parallels/ros2_ws/src/swarm_robots/install/swarm_robots/lib/python3.12/site-packages/swarm_robots
[1.392s] copying /home/parallels/ros2_ws/src/swarm_robots/build/swarm_robots/build/lib/swarm_robots/talker.py -> /home/parallels/ros2_ws/src/swarm_robots/install/swarm_robots/lib/python3.12/site-packages/swarm_robots
[1.392s] copying /home/parallels/ros2_ws/src/swarm_robots/build/swarm_robots/build/lib/swarm_robots/__init__.py -> /home/parallels/ros2_ws/src/swarm_robots/install/swarm_robots/lib/python3.12/site-packages/swarm_robots
[1.393s] copying /home/parallels/ros2_ws/src/swarm_robots/build/swarm_robots/build/lib/swarm_robots/listener.py -> /home/parallels/ros2_ws/src/swarm_robots/install/swarm_robots/lib/python3.12/site-packages/swarm_robots
[1.393s] byte-compiling /home/parallels/ros2_ws/src/swarm_robots/install/swarm_robots/lib/python3.12/site-packages/swarm_robots/talker.py to talker.cpython-312.pyc
[1.393s] byte-compiling /home/parallels/ros2_ws/src/swarm_robots/install/swarm_robots/lib/python3.12/site-packages/swarm_robots/__init__.py to __init__.cpython-312.pyc
[1.393s] byte-compiling /home/parallels/ros2_ws/src/swarm_robots/install/swarm_robots/lib/python3.12/site-packages/swarm_robots/listener.py to listener.cpython-312.pyc
[1.394s] running install_data
[1.394s] creating /home/parallels/ros2_ws/src/swarm_robots/install/swarm_robots/share/ament_index
[1.394s] creating /home/parallels/ros2_ws/src/swarm_robots/install/swarm_robots/share/ament_index/resource_index
[1.394s] creating /home/parallels/ros2_ws/src/swarm_robots/install/swarm_robots/share/ament_index/resource_index/packages
[1.394s] copying resource/swarm_robots -> /home/parallels/ros2_ws/src/swarm_robots/install/swarm_robots/share/ament_index/resource_index/packages
[1.394s] copying package.xml -> /home/parallels/ros2_ws/src/swarm_robots/install/swarm_robots/share/swarm_robots
[1.394s] running install_egg_info
[1.414s] Copying build/swarm_robots/swarm_robots.egg-info to /home/parallels/ros2_ws/src/swarm_robots/install/swarm_robots/lib/python3.12/site-packages/swarm_robots-0.0.0-py3.12.egg-info
[1.415s] running install_scripts
[1.532s] Installing listener script to /home/parallels/ros2_ws/src/swarm_robots/install/swarm_robots/lib/swarm_robots
[1.532s] Installing talker script to /home/parallels/ros2_ws/src/swarm_robots/install/swarm_robots/lib/swarm_robots
[1.533s] writing list of installed files to '/home/parallels/ros2_ws/src/swarm_robots/build/swarm_robots/install.log'
[1.562s] Invoked command in '/home/parallels/ros2_ws/src/swarm_robots' returned '0': DEBUGINFOD_URLS=https://debuginfod.ubuntu.com PYTHONPATH=/home/parallels/ros2_ws/src/swarm_robots/build/swarm_robots/prefix_override:/usr/lib/python3/dist-packages/colcon_core/task/python/colcon_distutils_commands:/home/parallels/ros2_ws/src/swarm_robots/install/swarm_robots/lib/python3.12/site-packages:${PYTHONPATH} /usr/bin/python3 -W ignore:setup.py install is deprecated -W ignore:easy_install command is deprecated setup.py egg_info --egg-base build/swarm_robots build --build-base /home/parallels/ros2_ws/src/swarm_robots/build/swarm_robots/build install --record /home/parallels/ros2_ws/src/swarm_robots/build/swarm_robots/install.log --single-version-externally-managed install_data
