[1.038s] Invoking command in '/home/parallels/ros2_ws/src/swarm_robots': DEBUGINFOD_URLS=https://debuginfod.ubuntu.com PYTHONPATH=/home/parallels/ros2_ws/build/swarm_robots/prefix_override:/usr/lib/python3/dist-packages/colcon_core/task/python/colcon_distutils_commands:/home/parallels/ros2_ws/install/swarm_robots/lib/python3.12/site-packages:${PYTHONPATH} /usr/bin/python3 -W ignore:setup.py install is deprecated -W ignore:easy_install command is deprecated setup.py egg_info --egg-base ../../build/swarm_robots build --build-base /home/parallels/ros2_ws/build/swarm_robots/build install --record /home/parallels/ros2_ws/build/swarm_robots/install.log --single-version-externally-managed install_data
[1.331s] running egg_info
[1.332s] creating ../../build/swarm_robots/swarm_robots.egg-info
[1.350s] writing ../../build/swarm_robots/swarm_robots.egg-info/PKG-INFO
[1.350s] writing dependency_links to ../../build/swarm_robots/swarm_robots.egg-info/dependency_links.txt
[1.351s] writing entry points to ../../build/swarm_robots/swarm_robots.egg-info/entry_points.txt
[1.351s] writing requirements to ../../build/swarm_robots/swarm_robots.egg-info/requires.txt
[1.351s] writing top-level names to ../../build/swarm_robots/swarm_robots.egg-info/top_level.txt
[1.351s] writing manifest file '../../build/swarm_robots/swarm_robots.egg-info/SOURCES.txt'
[1.390s] reading manifest file '../../build/swarm_robots/swarm_robots.egg-info/SOURCES.txt'
[1.391s] writing manifest file '../../build/swarm_robots/swarm_robots.egg-info/SOURCES.txt'
[1.391s] running build
[1.391s] running build_py
[1.391s] creating /home/parallels/ros2_ws/build/swarm_robots/build
[1.391s] creating /home/parallels/ros2_ws/build/swarm_robots/build/lib
[1.391s] creating /home/parallels/ros2_ws/build/swarm_robots/build/lib/swarm_robots
[1.391s] copying swarm_robots/talker.py -> /home/parallels/ros2_ws/build/swarm_robots/build/lib/swarm_robots
[1.391s] copying swarm_robots/__init__.py -> /home/parallels/ros2_ws/build/swarm_robots/build/lib/swarm_robots
[1.391s] copying swarm_robots/listener.py -> /home/parallels/ros2_ws/build/swarm_robots/build/lib/swarm_robots
[1.391s] running install
[1.397s] running install_lib
[1.417s] creating /home/parallels/ros2_ws/install/swarm_robots/lib/python3.12/site-packages/swarm_robots
[1.417s] copying /home/parallels/ros2_ws/build/swarm_robots/build/lib/swarm_robots/talker.py -> /home/parallels/ros2_ws/install/swarm_robots/lib/python3.12/site-packages/swarm_robots
[1.417s] copying /home/parallels/ros2_ws/build/swarm_robots/build/lib/swarm_robots/__init__.py -> /home/parallels/ros2_ws/install/swarm_robots/lib/python3.12/site-packages/swarm_robots
[1.417s] copying /home/parallels/ros2_ws/build/swarm_robots/build/lib/swarm_robots/listener.py -> /home/parallels/ros2_ws/install/swarm_robots/lib/python3.12/site-packages/swarm_robots
[1.417s] byte-compiling /home/parallels/ros2_ws/install/swarm_robots/lib/python3.12/site-packages/swarm_robots/talker.py to talker.cpython-312.pyc
[1.418s] byte-compiling /home/parallels/ros2_ws/install/swarm_robots/lib/python3.12/site-packages/swarm_robots/__init__.py to __init__.cpython-312.pyc
[1.418s] byte-compiling /home/parallels/ros2_ws/install/swarm_robots/lib/python3.12/site-packages/swarm_robots/listener.py to listener.cpython-312.pyc
[1.418s] running install_data
[1.419s] creating /home/parallels/ros2_ws/install/swarm_robots/share/ament_index
[1.421s] creating /home/parallels/ros2_ws/install/swarm_robots/share/ament_index/resource_index
[1.421s] creating /home/parallels/ros2_ws/install/swarm_robots/share/ament_index/resource_index/packages
[1.421s] copying resource/swarm_robots -> /home/parallels/ros2_ws/install/swarm_robots/share/ament_index/resource_index/packages
[1.421s] copying package.xml -> /home/parallels/ros2_ws/install/swarm_robots/share/swarm_robots
[1.421s] running install_egg_info
[1.439s] Copying ../../build/swarm_robots/swarm_robots.egg-info to /home/parallels/ros2_ws/install/swarm_robots/lib/python3.12/site-packages/swarm_robots-0.0.0-py3.12.egg-info
[1.440s] running install_scripts
[1.558s] Installing listener script to /home/parallels/ros2_ws/install/swarm_robots/lib/swarm_robots
[1.558s] Installing talker script to /home/parallels/ros2_ws/install/swarm_robots/lib/swarm_robots
[1.559s] writing list of installed files to '/home/parallels/ros2_ws/build/swarm_robots/install.log'
[1.587s] Invoked command in '/home/parallels/ros2_ws/src/swarm_robots' returned '0': DEBUGINFOD_URLS=https://debuginfod.ubuntu.com PYTHONPATH=/home/parallels/ros2_ws/build/swarm_robots/prefix_override:/usr/lib/python3/dist-packages/colcon_core/task/python/colcon_distutils_commands:/home/parallels/ros2_ws/install/swarm_robots/lib/python3.12/site-packages:${PYTHONPATH} /usr/bin/python3 -W ignore:setup.py install is deprecated -W ignore:easy_install command is deprecated setup.py egg_info --egg-base ../../build/swarm_robots build --build-base /home/parallels/ros2_ws/build/swarm_robots/build install --record /home/parallels/ros2_ws/build/swarm_robots/install.log --single-version-externally-managed install_data
