running egg_info
writing ../../build/swarm_robots/swarm_robots.egg-info/PKG-INFO
writing dependency_links to ../../build/swarm_robots/swarm_robots.egg-info/dependency_links.txt
writing entry points to ../../build/swarm_robots/swarm_robots.egg-info/entry_points.txt
writing requirements to ../../build/swarm_robots/swarm_robots.egg-info/requires.txt
writing top-level names to ../../build/swarm_robots/swarm_robots.egg-info/top_level.txt
reading manifest file '../../build/swarm_robots/swarm_robots.egg-info/SOURCES.txt'
writing manifest file '../../build/swarm_robots/swarm_robots.egg-info/SOURCES.txt'
running build
running build_py
copying swarm_robots/listener.py -> /home/parallels/ros2_ws/build/swarm_robots/build/lib/swarm_robots
running install
running install_lib
copying /home/parallels/ros2_ws/build/swarm_robots/build/lib/swarm_robots/listener.py -> /home/parallels/ros2_ws/install/swarm_robots/lib/python3.12/site-packages/swarm_robots
byte-compiling /home/parallels/ros2_ws/install/swarm_robots/lib/python3.12/site-packages/swarm_robots/listener.py to listener.cpython-312.pyc
Sorry: IndentationError: expected an indented block after function definition on line 26 (listener.py, line 27)
running install_data
running install_egg_info
removing '/home/parallels/ros2_ws/install/swarm_robots/lib/python3.12/site-packages/swarm_robots-0.0.0-py3.12.egg-info' (and everything under it)
Copying ../../build/swarm_robots/swarm_robots.egg-info to /home/parallels/ros2_ws/install/swarm_robots/lib/python3.12/site-packages/swarm_robots-0.0.0-py3.12.egg-info
running install_scripts
Installing listener script to /home/parallels/ros2_ws/install/swarm_robots/lib/swarm_robots
Installing talker script to /home/parallels/ros2_ws/install/swarm_robots/lib/swarm_robots
writing list of installed files to '/home/parallels/ros2_ws/build/swarm_robots/install.log'
